<?xml version="1.0" encoding="UTF-8"?>
<testsuite xmlns:xsi="http://www.w3.org/2001/XMLSchema-instance" xsi:noNamespaceSchemaLocation="https://maven.apache.org/surefire/maven-surefire-plugin/xsd/surefire-test-report-3.0.xsd" version="3.0" name="unlp.info.bd2.ToursQuerysTests" time="4.506" tests="1" errors="1" skipped="0" failures="0">
  <properties>
[...]
</properties>
  <testcase name="" classname="unlp.info.bd2.ToursQuerysTests" time="4.506">
    <error message="could not execute statement [Duplicate entry &apos;Gaucho Day Local Bakery&apos; for key &apos;services.UK_h4rqgjwnqidx6mvj4i22dxwxe&apos;] [insert into services (description,name,price,supplier_id) values (?,?,?,?)]" type="org.hibernate.exception.ConstraintViolationException"><![CDATA[org.hibernate.exception.ConstraintViolationException: could not execute statement [Duplicate entry 'Gaucho Day Local Bakery' for key 'services.UK_h4rqgjwnqidx6mvj4i22dxwxe'] [insert into services (description,name,price,supplier_id) values (?,?,?,?)]
	at org.hibernate.exception.internal.SQLExceptionTypeDelegate.convert(SQLExceptionTypeDelegate.java:62)
	at org.hibernate.exception.internal.StandardSQLExceptionConverter.convert(StandardSQLExceptionConverter.java:58)
	at org.hibernate.engine.jdbc.spi.SqlExceptionHelper.convert(SqlExceptionHelper.java:108)
	at org.hibernate.engine.jdbc.internal.ResultSetReturnImpl.executeUpdate(ResultSetReturnImpl.java:197)
	at org.hibernate.id.insert.GetGeneratedKeysDelegate.performInsert(GetGeneratedKeysDelegate.java:107)
	at org.hibernate.engine.jdbc.mutation.internal.MutationExecutorPostInsertSingleTable.execute(MutationExecutorPostInsertSingleTable.java:100)
	at org.hibernate.persister.entity.mutation.InsertCoordinator.doStaticInserts(InsertCoordinator.java:175)
	at org.hibernate.persister.entity.mutation.InsertCoordinator.coordinateInsert(InsertCoordinator.java:113)
	at org.hibernate.persister.entity.AbstractEntityPersister.insert(AbstractEntityPersister.java:2868)
	at org.hibernate.action.internal.EntityIdentityInsertAction.execute(EntityIdentityInsertAction.java:81)
	at org.hibernate.engine.spi.ActionQueue.execute(ActionQueue.java:670)
	at org.hibernate.engine.spi.ActionQueue.addResolvedEntityInsertAction(ActionQueue.java:291)
	at org.hibernate.engine.spi.ActionQueue.addInsertAction(ActionQueue.java:272)
	at org.hibernate.engine.spi.ActionQueue.addAction(ActionQueue.java:322)
	at org.hibernate.event.internal.AbstractSaveEventListener.addInsertAction(AbstractSaveEventListener.java:386)
	at org.hibernate.event.internal.AbstractSaveEventListener.performSaveOrReplicate(AbstractSaveEventListener.java:300)
	at org.hibernate.event.internal.AbstractSaveEventListener.performSave(AbstractSaveEventListener.java:219)
	at org.hibernate.event.internal.AbstractSaveEventListener.saveWithGeneratedId(AbstractSaveEventListener.java:134)
	at org.hibernate.event.internal.DefaultMergeEventListener.saveTransientEntity(DefaultMergeEventListener.java:378)
	at org.hibernate.event.internal.DefaultMergeEventListener.entityIsTransient(DefaultMergeEventListener.java:298)
	at org.hibernate.event.internal.DefaultMergeEventListener.merge(DefaultMergeEventListener.java:211)
	at org.hibernate.event.internal.DefaultMergeEventListener.doMerge(DefaultMergeEventListener.java:146)
	at org.hibernate.event.internal.DefaultMergeEventListener.onMerge(DefaultMergeEventListener.java:130)
	at org.hibernate.event.service.internal.EventListenerGroupImpl.fireEventOnEachListener(EventListenerGroupImpl.java:138)
	at org.hibernate.internal.SessionImpl.fireMerge(SessionImpl.java:868)
	at org.hibernate.internal.SessionImpl.merge(SessionImpl.java:839)
	at org.hibernate.engine.spi.CascadingActions$6.cascade(CascadingActions.java:253)
	at org.hibernate.engine.spi.CascadingActions$6.cascade(CascadingActions.java:243)
	at org.hibernate.engine.internal.Cascade.cascadeToOne(Cascade.java:517)
	at org.hibernate.engine.internal.Cascade.cascadeAssociation(Cascade.java:439)
	at org.hibernate.engine.internal.Cascade.cascadeProperty(Cascade.java:224)
	at org.hibernate.engine.internal.Cascade.cascadeCollectionElements(Cascade.java:551)
	at org.hibernate.engine.internal.Cascade.cascadeCollection(Cascade.java:481)
	at org.hibernate.engine.internal.Cascade.cascadeAssociation(Cascade.java:442)
	at org.hibernate.engine.internal.Cascade.cascadeProperty(Cascade.java:224)
	at org.hibernate.engine.internal.Cascade.cascade(Cascade.java:157)
	at org.hibernate.event.internal.DefaultMergeEventListener.cascadeOnMerge(DefaultMergeEventListener.java:644)
	at org.hibernate.event.internal.DefaultMergeEventListener.entityIsPersistent(DefaultMergeEventListener.java:278)
	at org.hibernate.event.internal.DefaultMergeEventListener.merge(DefaultMergeEventListener.java:214)
	at org.hibernate.event.internal.DefaultMergeEventListener.doMerge(DefaultMergeEventListener.java:146)
	at org.hibernate.event.internal.DefaultMergeEventListener.onMerge(DefaultMergeEventListener.java:130)
	at org.hibernate.event.internal.DefaultMergeEventListener.onMerge(DefaultMergeEventListener.java:84)
	at org.hibernate.event.service.internal.EventListenerGroupImpl.fireEventOnEachListener(EventListenerGroupImpl.java:127)
	at org.hibernate.internal.SessionImpl.fireMerge(SessionImpl.java:847)
	at org.hibernate.internal.SessionImpl.merge(SessionImpl.java:833)
	at unlp.info.bd2.repositories.SupplierRepositoryImpl.save(SupplierRepositoryImpl.java:26)
	at unlp.info.bd2.services.ToursServiceImpl.addServiceToSupplier(ToursServiceImpl.java:287)
	at java.base/java.lang.reflect.Method.invoke(Method.java:565)
	at org.springframework.aop.support.AopUtils.invokeJoinpointUsingReflection(AopUtils.java:351)
	at org.springframework.aop.framework.ReflectiveMethodInvocation.invokeJoinpoint(ReflectiveMethodInvocation.java:196)
	at org.springframework.aop.framework.ReflectiveMethodInvocation.proceed(ReflectiveMethodInvocation.java:163)
	at org.springframework.transaction.interceptor.TransactionInterceptor$1.proceedWithInvocation(TransactionInterceptor.java:123)
	at org.springframework.transaction.interceptor.TransactionAspectSupport.invokeWithinTransaction(TransactionAspectSupport.java:385)
	at org.springframework.transaction.interceptor.TransactionInterceptor.invoke(TransactionInterceptor.java:119)
	at org.springframework.aop.framework.ReflectiveMethodInvocation.proceed(ReflectiveMethodInvocation.java:184)
	at org.springframework.aop.framework.JdkDynamicAopProxy.invoke(JdkDynamicAopProxy.java:220)
	at jdk.proxy2/jdk.proxy2.$Proxy78.addServiceToSupplier(Unknown Source)
	at unlp.info.bd2.utils.DBInitializer.prepareDB(DBInitializer.java:35)
	at java.base/java.lang.reflect.Method.invoke(Method.java:565)
	at org.springframework.aop.support.AopUtils.invokeJoinpointUsingReflection(AopUtils.java:351)
	at org.springframework.aop.framework.ReflectiveMethodInvocation.invokeJoinpoint(ReflectiveMethodInvocation.java:196)
	at org.springframework.aop.framework.ReflectiveMethodInvocation.proceed(ReflectiveMethodInvocation.java:163)
	at org.springframework.aop.framework.CglibAopProxy$CglibMethodInvocation.proceed(CglibAopProxy.java:765)
	at org.springframework.transaction.interceptor.TransactionInterceptor$1.proceedWithInvocation(TransactionInterceptor.java:123)
	at org.springframework.transaction.interceptor.TransactionAspectSupport.invokeWithinTransaction(TransactionAspectSupport.java:385)
	at org.springframework.transaction.interceptor.TransactionInterceptor.invoke(TransactionInterceptor.java:119)
	at org.springframework.aop.framework.ReflectiveMethodInvocation.proceed(ReflectiveMethodInvocation.java:184)
	at org.springframework.aop.framework.CglibAopProxy$CglibMethodInvocation.proceed(CglibAopProxy.java:765)
	at org.springframework.aop.framework.CglibAopProxy$DynamicAdvisedInterceptor.intercept(CglibAopProxy.java:717)
	at unlp.info.bd2.utils.DBInitializer$$SpringCGLIB$$0.prepareDB(<generated>)
	at unlp.info.bd2.ToursQuerysTests.prepareDB(ToursQuerysTests.java:46)
	at java.base/java.lang.reflect.Method.invoke(Method.java:565)
	at java.base/java.util.ArrayList.forEach(ArrayList.java:1604)
Caused by: java.sql.SQLIntegrityConstraintViolationException: Duplicate entry 'Gaucho Day Local Bakery' for key 'services.UK_h4rqgjwnqidx6mvj4i22dxwxe'
	at com.mysql.cj.jdbc.exceptions.SQLError.createSQLException(SQLError.java:118)
	at com.mysql.cj.jdbc.exceptions.SQLExceptionsMapping.translateException(SQLExceptionsMapping.java:122)
	at com.mysql.cj.jdbc.ClientPreparedStatement.executeInternal(ClientPreparedStatement.java:916)
	at com.mysql.cj.jdbc.ClientPreparedStatement.executeUpdateInternal(ClientPreparedStatement.java:1061)
	at com.mysql.cj.jdbc.ClientPreparedStatement.executeUpdateInternal(ClientPreparedStatement.java:1009)
	at com.mysql.cj.jdbc.ClientPreparedStatement.executeLargeUpdate(ClientPreparedStatement.java:1320)
	at com.mysql.cj.jdbc.ClientPreparedStatement.executeUpdate(ClientPreparedStatement.java:994)
	at org.apache.commons.dbcp.DelegatingPreparedStatement.executeUpdate(DelegatingPreparedStatement.java:105)
	at org.apache.commons.dbcp.DelegatingPreparedStatement.executeUpdate(DelegatingPreparedStatement.java:105)
	at org.hibernate.engine.jdbc.internal.ResultSetReturnImpl.executeUpdate(ResultSetReturnImpl.java:194)
	... 69 more
]]></error>
    <system-out><![CDATA[11:43:01.045 [main] INFO org.hibernate.Version -- HHH000412: Hibernate ORM core version 6.4.3.Final
11:43:01.136 [main] INFO org.hibernate.cache.internal.RegionFactoryInitiator -- HHH000026: Second-level cache disabled
11:43:01.706 [main] WARN org.hibernate.orm.deprecation -- HHH90000025: MySQLDialect does not need to be specified explicitly using 'hibernate.dialect' (remove the property setting and it will be selected by default)
11:43:03.002 [main] INFO org.hibernate.engine.transaction.jta.platform.internal.JtaPlatformInitiator -- HHH000489: No JTA platform available (set 'hibernate.transaction.jta.platform' to enable JTA platform integration)
Hibernate: 
    alter table DriverUser 
       drop 
       foreign key FKf3t1ft9momkno5ivqu3g56rhj
Hibernate: 
    alter table item_service 
       drop 
       foreign key FKdh9103thuolwgnjo1a3t6jncg
Hibernate: 
    alter table item_service 
       drop 
       foreign key FKakm8rd8t4n8nfnp2udw13hndy
Hibernate: 
    alter table purchase 
       drop 
       foreign key FKlcpdjfiob46rcasubm36h5386
Hibernate: 
    alter table purchase 
       drop 
       foreign key FK86i0stm7cqsglqptdvjij1k3m
Hibernate: 
    alter table review 
       drop 
       foreign key FK731w9xg0e85ajicsu83ljt0le
Hibernate: 
    alter table route_driver 
       drop 
       foreign key FK7ysar7gv235o6p949ll75duu
Hibernate: 
    alter table route_driver 
       drop 
       foreign key FK7hlkkl6wpy9yt033oaswm3sh6
Hibernate: 
    alter table route_tourguide 
       drop 
       foreign key FKjq81ldff60q72kc8s4e8etiyc
Hibernate: 
    alter table route_tourguide 
       drop 
       foreign key FKp7guvpa4sjdprh1v8wc0ibx5w
Hibernate: 
    alter table services 
       drop 
       foreign key FKhidqwteypo4jy4n5wabg6tfxf
Hibernate: 
    alter table stop 
       drop 
       foreign key FKdlo2jg2ydpg8cicshnqn7v4ex
Hibernate: 
    alter table TourGuideUser 
       drop 
       foreign key FK216o91dke9mspsu7vsk2cbb8w
Hibernate: 
    drop table if exists DriverUser
Hibernate: 
    drop table if exists item_service
Hibernate: 
    drop table if exists purchase
Hibernate: 
    drop table if exists review
Hibernate: 
    drop table if exists route
Hibernate: 
    drop table if exists route_driver
Hibernate: 
    drop table if exists route_tourguide
Hibernate: 
    drop table if exists services
Hibernate: 
    drop table if exists stop
Hibernate: 
    drop table if exists supplier
Hibernate: 
    drop table if exists TourGuideUser
Hibernate: 
    drop table if exists user
Hibernate: 
    create table DriverUser (
        id bigint not null,
        expedient varchar(255),
        primary key (id)
    ) engine=InnoDB
Hibernate: 
    create table item_service (
        quantity integer not null,
        id bigint not null auto_increment,
        purchase_id bigint not null,
        service_id bigint not null,
        primary key (id)
    ) engine=InnoDB
Hibernate: 
    create table purchase (
        totalPrice float(23) not null,
        date datetime(6) not null,
        id bigint not null auto_increment,
        route_id bigint,
        user_id bigint,
        code varchar(255) not null,
        primary key (id)
    ) engine=InnoDB
Hibernate: 
    create table review (
        rating integer not null,
        id bigint not null auto_increment,
        purchase_id bigint not null,
        comment varchar(255),
        primary key (id)
    ) engine=InnoDB
Hibernate: 
    create table route (
        maxNumberUsers integer not null,
        price float(23) not null,
        totalKm float(23) not null,
        id bigint not null auto_increment,
        name varchar(255) not null,
        primary key (id)
    ) engine=InnoDB
Hibernate: 
    create table route_driver (
        driver_id bigint not null,
        route_id bigint not null
    ) engine=InnoDB
Hibernate: 
    create table route_tourguide (
        route_id bigint not null,
        tourguide_id bigint not null
    ) engine=InnoDB
Hibernate: 
    create table services (
        price float(23) not null,
        id bigint not null auto_increment,
        supplier_id bigint,
        name varchar(100) not null,
        description varchar(255),
        primary key (id)
    ) engine=InnoDB
Hibernate: 
    create table stop (
        id bigint not null auto_increment,
        route_id bigint not null,
        description varchar(255),
        name varchar(255) not null,
        primary key (id)
    ) engine=InnoDB
Hibernate: 
    create table supplier (
        id bigint not null auto_increment,
        authorizationNumber varchar(255) not null,
        businessName varchar(255) not null,
        primary key (id)
    ) engine=InnoDB
Hibernate: 
    create table TourGuideUser (
        id bigint not null,
        education varchar(255),
        primary key (id)
    ) engine=InnoDB
Hibernate: 
    create table user (
        active bit not null,
        birthdate datetime(6),
        id bigint not null auto_increment,
        email varchar(255),
        name varchar(255),
        password varchar(255) not null,
        phone_number varchar(255),
        username varchar(255) not null,
        primary key (id)
    ) engine=InnoDB
Hibernate: 
    alter table purchase 
       add constraint UK_2pwvqbnxy6v5c0y1baow5by8t unique (code)
Hibernate: 
    alter table review 
       add constraint UK_qv55tbygybrtvuyut6ropvfpr unique (purchase_id)
Hibernate: 
    alter table services 
       add constraint UK_h4rqgjwnqidx6mvj4i22dxwxe unique (name)
Hibernate: 
    alter table supplier 
       add constraint UK_n89ugh3wv2ou78krk2a8y2bq2 unique (authorizationNumber)
Hibernate: 
    alter table user 
       add constraint UK_sb8bbouer5wak8vyiiy4pf2bx unique (username)
Hibernate: 
    alter table DriverUser 
       add constraint FKf3t1ft9momkno5ivqu3g56rhj 
       foreign key (id) 
       references user (id)
Hibernate: 
    alter table item_service 
       add constraint FKdh9103thuolwgnjo1a3t6jncg 
       foreign key (purchase_id) 
       references purchase (id)
Hibernate: 
    alter table item_service 
       add constraint FKakm8rd8t4n8nfnp2udw13hndy 
       foreign key (service_id) 
       references services (id)
Hibernate: 
    alter table purchase 
       add constraint FKlcpdjfiob46rcasubm36h5386 
       foreign key (route_id) 
       references route (id)
Hibernate: 
    alter table purchase 
       add constraint FK86i0stm7cqsglqptdvjij1k3m 
       foreign key (user_id) 
       references user (id)
Hibernate: 
    alter table review 
       add constraint FK731w9xg0e85ajicsu83ljt0le 
       foreign key (purchase_id) 
       references purchase (id)
Hibernate: 
    alter table route_driver 
       add constraint FK7ysar7gv235o6p949ll75duu 
       foreign key (driver_id) 
       references DriverUser (id)
Hibernate: 
    alter table route_driver 
       add constraint FK7hlkkl6wpy9yt033oaswm3sh6 
       foreign key (route_id) 
       references route (id)
Hibernate: 
    alter table route_tourguide 
       add constraint FKjq81ldff60q72kc8s4e8etiyc 
       foreign key (tourguide_id) 
       references TourGuideUser (id)
Hibernate: 
    alter table route_tourguide 
       add constraint FKp7guvpa4sjdprh1v8wc0ibx5w 
       foreign key (route_id) 
       references route (id)
Hibernate: 
    alter table services 
       add constraint FKhidqwteypo4jy4n5wabg6tfxf 
       foreign key (supplier_id) 
       references supplier (id)
Hibernate: 
    alter table stop 
       add constraint FKdlo2jg2ydpg8cicshnqn7v4ex 
       foreign key (route_id) 
       references route (id)
Hibernate: 
    alter table TourGuideUser 
       add constraint FK216o91dke9mspsu7vsk2cbb8w 
       foreign key (id) 
       references user (id)
Hibernate: 
    select
        s1_0.id,
        s1_0.authorizationNumber,
        s1_0.businessName 
    from
        supplier s1_0
Hibernate: 
    insert 
    into
        supplier
        (authorizationNumber, businessName) 
    values
        (?, ?)
Hibernate: 
    select
        s1_0.id,
        s1_0.authorizationNumber,
        s1_0.businessName 
    from
        supplier s1_0
Hibernate: 
    insert 
    into
        supplier
        (authorizationNumber, businessName) 
    values
        (?, ?)
Hibernate: 
    select
        s1_0.id,
        s1_0.authorizationNumber,
        s1_0.businessName 
    from
        supplier s1_0
Hibernate: 
    insert 
    into
        supplier
        (authorizationNumber, businessName) 
    values
        (?, ?)
Hibernate: 
    select
        s1_0.id,
        s1_0.authorizationNumber,
        s1_0.businessName 
    from
        supplier s1_0
Hibernate: 
    insert 
    into
        supplier
        (authorizationNumber, businessName) 
    values
        (?, ?)
Hibernate: 
    select
        s1_0.id,
        s1_0.authorizationNumber,
        s1_0.businessName 
    from
        supplier s1_0
Hibernate: 
    insert 
    into
        supplier
        (authorizationNumber, businessName) 
    values
        (?, ?)
Hibernate: 
    insert 
    into
        services
        (description, name, price, supplier_id) 
    values
        (?, ?, ?, ?)
Hibernate: 
    insert 
    into
        services
        (description, name, price, supplier_id) 
    values
        (?, ?, ?, ?)
11:43:04.587 [main] WARN org.hibernate.engine.jdbc.spi.SqlExceptionHelper -- SQL Error: 1062, SQLState: 23000
11:43:04.587 [main] ERROR org.hibernate.engine.jdbc.spi.SqlExceptionHelper -- Duplicate entry 'Gaucho Day Local Bakery' for key 'services.UK_h4rqgjwnqidx6mvj4i22dxwxe'
]]></system-out>
  </testcase>
</testsuite>